# JRE version: Java(TM) SE Runtime Environment (8.0_231-b11) (build 1.8.0_231-b11)
# Java VM: Java HotSpot(TM) 64-Bit Server VM (25.231-b11 mixed mode windows-amd64 compressed oops)
Heap:
 PSYoungGen      total 151552K, used 13804K [0x00000000f5580000, 0x0000000100000000, 0x0000000100000000)
  eden space 137728K, 0% used [0x00000000f5580000,0x00000000f5580000,0x00000000fdc00000)
  from space 13824K, 99% used [0x00000000ff280000,0x00000000ffffb340,0x0000000100000000)
  to   space 18432K, 0% used [0x00000000fdc00000,0x00000000fdc00000,0x00000000fee00000)
 ParOldGen       total 175104K, used 23093K [0x00000000e0000000, 0x00000000eab00000, 0x00000000f5580000)
  object space 175104K, 13% used [0x00000000e0000000,0x00000000e168d698,0x00000000eab00000)
 Metaspace       used 56466K, capacity 58932K, committed 59096K, reserved 1099776K
  class space    used 7831K, capacity 8338K, committed 8408K, reserved 1048576K
GC Heap History (10 events):
Event: 10.317 GC heap after
Heap after GC invocations=8 (full 1):
 PSYoungGen      total 123392K, used 7168K [0x00000000f5580000, 0x00000000fff00000, 0x0000000100000000)
  eden space 110080K, 0% used [0x00000000f5580000,0x00000000f5580000,0x00000000fc100000)
  from space 13312K, 53% used [0x00000000fc100000,0x00000000fc800200,0x00000000fce00000)
  to   space 12800K, 0% used [0x00000000ff280000,0x00000000ff280000,0x00000000fff00000)
 ParOldGen       total 175104K, used 10083K [0x00000000e0000000, 0x00000000eab00000, 0x00000000f5580000)
  object space 175104K, 5% used [0x00000000e0000000,0x00000000e09d8e60,0x00000000eab00000)
 Metaspace       used 33922K, capacity 35308K, committed 35456K, reserved 1079296K
  class space    used 4869K, capacity 5143K, committed 5248K, reserved 1048576K
}
Event: 10.317 GC heap before
{Heap before GC invocations=9 (full 2):
 PSYoungGen      total 123392K, used 7168K [0x00000000f5580000, 0x00000000fff00000, 0x0000000100000000)
  eden space 110080K, 0% used [0x00000000f5580000,0x00000000f5580000,0x00000000fc100000)
  from space 13312K, 53% used [0x00000000fc100000,0x00000000fc800200,0x00000000fce00000)
  to   space 12800K, 0% used [0x00000000ff280000,0x00000000ff280000,0x00000000fff00000)
 ParOldGen       total 175104K, used 10083K [0x00000000e0000000, 0x00000000eab00000, 0x00000000f5580000)
  object space 175104K, 5% used [0x00000000e0000000,0x00000000e09d8e60,0x00000000eab00000)
 Metaspace       used 33922K, capacity 35308K, committed 35456K, reserved 1079296K
  class space    used 4869K, capacity 5143K, committed 5248K, reserved 1048576K
Event: 10.350 GC heap after
Heap after GC invocations=9 (full 2):
 PSYoungGen      total 123392K, used 0K [0x00000000f5580000, 0x00000000fff00000, 0x0000000100000000)
  eden space 110080K, 0% used [0x00000000f5580000,0x00000000f5580000,0x00000000fc100000)
  from space 13312K, 0% used [0x00000000fc100000,0x00000000fc100000,0x00000000fce00000)
  to   space 12800K, 0% used [0x00000000ff280000,0x00000000ff280000,0x00000000fff00000)
 ParOldGen       total 175104K, used 14744K [0x00000000e0000000, 0x00000000eab00000, 0x00000000f5580000)
  object space 175104K, 8% used [0x00000000e0000000,0x00000000e0e66390,0x00000000eab00000)
 Metaspace       used 33922K, capacity 35308K, committed 35456K, reserved 1079296K
  class space    used 4869K, capacity 5143K, committed 5248K, reserved 1048576K
}
Event: 11.309 GC heap before
{Heap before GC invocations=10 (full 2):
 PSYoungGen      total 123392K, used 110080K [0x00000000f5580000, 0x00000000fff00000, 0x0000000100000000)
  eden space 110080K, 100% used [0x00000000f5580000,0x00000000fc100000,0x00000000fc100000)
  from space 13312K, 0% used [0x00000000fc100000,0x00000000fc100000,0x00000000fce00000)
  to   space 12800K, 0% used [0x00000000ff280000,0x00000000ff280000,0x00000000fff00000)
 ParOldGen       total 175104K, used 14744K [0x00000000e0000000, 0x00000000eab00000, 0x00000000f5580000)
  object space 175104K, 8% used [0x00000000e0000000,0x00000000e0e66390,0x00000000eab00000)
 Metaspace       used 38837K, capacity 40688K, committed 40960K, reserved 1085440K
  class space    used 5503K, capacity 5865K, committed 5888K, reserved 1048576K
Event: 11.316 GC heap after
Heap after GC invocations=10 (full 2):
 PSYoungGen      total 160768K, used 7367K [0x00000000f5580000, 0x00000000fff80000, 0x0000000100000000)
  eden space 147968K, 0% used [0x00000000f5580000,0x00000000f5580000,0x00000000fe600000)
  from space 12800K, 57% used [0x00000000ff280000,0x00000000ff9b1ef8,0x00000000fff00000)
  to   space 12800K, 0% used [0x00000000fe600000,0x00000000fe600000,0x00000000ff280000)
 ParOldGen       total 175104K, used 14752K [0x00000000e0000000, 0x00000000eab00000, 0x00000000f5580000)
  object space 175104K, 8% used [0x00000000e0000000,0x00000000e0e68390,0x00000000eab00000)
 Metaspace       used 38837K, capacity 40688K, committed 40960K, reserved 1085440K
  class space    used 5503K, capacity 5865K, committed 5888K, reserved 1048576K
}
Event: 13.124 GC heap before
{Heap before GC invocations=11 (full 2):
 PSYoungGen      total 160768K, used 155335K [0x00000000f5580000, 0x00000000fff80000, 0x0000000100000000)
  eden space 147968K, 100% used [0x00000000f5580000,0x00000000fe600000,0x00000000fe600000)
  from space 12800K, 57% used [0x00000000ff280000,0x00000000ff9b1ef8,0x00000000fff00000)
  to   space 12800K, 0% used [0x00000000fe600000,0x00000000fe600000,0x00000000ff280000)
 ParOldGen       total 175104K, used 14752K [0x00000000e0000000, 0x00000000eab00000, 0x00000000f5580000)
  object space 175104K, 8% used [0x00000000e0000000,0x00000000e0e68390,0x00000000eab00000)
 Metaspace       used 47536K, capacity 49756K, committed 49792K, reserved 1091584K
  class space    used 6593K, capacity 7020K, committed 7040K, reserved 1048576K
Event: 13.136 GC heap after
Heap after GC invocations=11 (full 2):
 PSYoungGen      total 160768K, used 12782K [0x00000000f5580000, 0x0000000100000000, 0x0000000100000000)
  eden space 147968K, 0% used [0x00000000f5580000,0x00000000f5580000,0x00000000fe600000)
  from space 12800K, 99% used [0x00000000fe600000,0x00000000ff27b8e0,0x00000000ff280000)
  to   space 13824K, 0% used [0x00000000ff280000,0x00000000ff280000,0x0000000100000000)
 ParOldGen       total 175104K, used 16144K [0x00000000e0000000, 0x00000000eab00000, 0x00000000f5580000)
  object space 175104K, 9% used [0x00000000e0000000,0x00000000e0fc40e8,0x00000000eab00000)
 Metaspace       used 47536K, capacity 49756K, committed 49792K, reserved 1091584K
  class space    used 6593K, capacity 7020K, committed 7040K, reserved 1048576K
}
Event: 14.470 GC heap before
{Heap before GC invocations=12 (full 2):
 PSYoungGen      total 160768K, used 128899K [0x00000000f5580000, 0x0000000100000000, 0x0000000100000000)
  eden space 147968K, 78% used [0x00000000f5580000,0x00000000fc6e54f8,0x00000000fe600000)
  from space 12800K, 99% used [0x00000000fe600000,0x00000000ff27b8e0,0x00000000ff280000)
  to   space 13824K, 0% used [0x00000000ff280000,0x00000000ff280000,0x0000000100000000)
 ParOldGen       total 175104K, used 16144K [0x00000000e0000000, 0x00000000eab00000, 0x00000000f5580000)
  object space 175104K, 9% used [0x00000000e0000000,0x00000000e0fc40e8,0x00000000eab00000)
 Metaspace       used 56466K, capacity 58932K, committed 59096K, reserved 1099776K
  class space    used 7831K, capacity 8338K, committed 8408K, reserved 1048576K
Event: 14.490 GC heap after
Heap after GC invocations=12 (full 2):
 PSYoungGen      total 151552K, used 13804K [0x00000000f5580000, 0x0000000100000000, 0x0000000100000000)
  eden space 137728K, 0% used [0x00000000f5580000,0x00000000f5580000,0x00000000fdc00000)
  from space 13824K, 99% used [0x00000000ff280000,0x00000000ffffb340,0x0000000100000000)
  to   space 18432K, 0% used [0x00000000fdc00000,0x00000000fdc00000,0x00000000fee00000)
 ParOldGen       total 175104K, used 23093K [0x00000000e0000000, 0x00000000eab00000, 0x00000000f5580000)
  object space 175104K, 13% used [0x00000000e0000000,0x00000000e168d698,0x00000000eab00000)
 Metaspace       used 56466K, capacity 58932K, committed 59096K, reserved 1099776K
  class space    used 7831K, capacity 8338K, committed 8408K, reserved 1048576K
}
Event: 14.490 GC heap before
{Heap before GC invocations=13 (full 3):
 PSYoungGen      total 151552K, used 13804K [0x00000000f5580000, 0x0000000100000000, 0x0000000100000000)
  eden space 137728K, 0% used [0x00000000f5580000,0x00000000f5580000,0x00000000fdc00000)
  from space 13824K, 99% used [0x00000000ff280000,0x00000000ffffb340,0x0000000100000000)
  to   space 18432K, 0% used [0x00000000fdc00000,0x00000000fdc00000,0x00000000fee00000)
 ParOldGen       total 175104K, used 23093K [0x00000000e0000000, 0x00000000eab00000, 0x00000000f5580000)
  object space 175104K, 13% used [0x00000000e0000000,0x00000000e168d698,0x00000000eab00000)
 Metaspace       used 56466K, capacity 58932K, committed 59096K, reserved 1099776K
  class space    used 7831K, capacity 8338K, committed 8408K, reserved 1048576K

